DECLARE
@
VARCHAR
(
100
)
;
SET
@
=
'S-1-5-21-789336058-1580436667-1343024091-34374'
;
DECLARE
@
(
MAX
)
=
'CREATE LOGIN [URL\dagutierrez] WITH SID = '
+
CONVERT
(
VARCHAR
(
64
)
,
CONVERT
(
BINARY
(
16
)
,
(
@
)
)
,
1
)
+
';'
;
PRINT
@
EXEC
.
@
;
1580436667
-1343024091
-34374
SELECT
(
CONVERT
(
BINARY
(
16
)
,
(
@
)
)
)
;
ALTER
TABLE
[
]
.
[
]
DROP
CONSTRAINT
[
]
GO
ALTER
TABLE
[
]
.
[
]
DROP
CONSTRAINT
[
]
GO
ALTER
TABLE
[
]
.
[
]
DROP
CONSTRAINT
[
]
GO
ALTER
TABLE
[
]
.
[
]
DROP
CONSTRAINT
[
]
GO
ALTER
TABLE
[
]
.
[
]
DROP
CONSTRAINT
[
]
GO
ALTER
TABLE
[
]
.
[
]
DROP
CONSTRAINT
[
]
GO
ALTER
TABLE
[
]
.
[
]
DROP
CONSTRAINT
[
]
GO
CREATE
TABLE
[
]
.
[
]
(
[
]
[
]
IDENTITY
(
1
,
1
)
NOT
NULL
,
[
]
[
]
(
128
)
NULL
,
[
]
[
]
NOT
NULL
,
[
]
[
]
(
128
)
NULL
,
PRIMARY
KEY
CLUSTERED
(
[
]
ASC
)
)
ON
[
PRIMARY
]
GO
SET
ON
GO
SET
ON
GO
CREATE
TABLE
[
]
.
[
]
(
[
]
[
]
IDENTITY
(
1
,
1
)
NOT
NULL
,
[
]
[
]
(
128
)
NOT
NULL
,
[
]
[
]
(
128
)
NOT
NULL
,
[
]
[
]
(
128
)
NOT
NULL
,
[
]
[
]
NULL
,
PRIMARY
KEY
CLUSTERED
(
[
]
ASC
)
)
ON
[
PRIMARY
]
GO
DECLARE
@
CHAR
(
100
)
;
@
=
'?'
;
DROP
DATABASE
[
]
GO
CREATE
DATABASE
[
]
=
NULL
ON
PRIMARY
(
=
'LineaDorada'
,
=
'D:\NDocuments\SQL\MSSQL14.MSSQLSERVER\MSSQL\DATA\LineaDorada.mdf'
,
SIZE
=
0
,
=
,
=
00000000000.00000000022e+2
)
ON
(
=
'LineaDorada_log'
,
=
'D:\NDocuments\SQL\MSSQL14.MSSQLSERVER\MSSQL\Log\LineaDorada_log.ldf'
,
SIZE
=
8192
,
=
2048
,
=
.
12
)
GO
ALTER
DATABASE
[
]
SET
=
140
GO
IF
(
1
=
(
'IsFullTextInstalled'
)
)
EXEC
[
]
.
[
]
.
[
]
@
=
'enable'
GO
DECLARE
@
INT
;
SET
@
=
-0000000000000000000000000000001
;
DECLARE
@
VARCHAR
(
MAX
)
;
SET
@
=
,
